# JRE version: Java(TM) SE Runtime Environment (8.0_111-b14) (build 1.8.0_111-b14)
# Java VM: Java HotSpot(TM) 64-Bit Server VM (25.111-b14 mixed mode bsd-amd64 compressed oops)
Heap:
 PSYoungGen      total 66048K, used 5887K [0x000000076ab00000, 0x000000076f600000, 0x00000007c0000000)
  eden space 64000K, 6% used [0x000000076ab00000,0x000000076aef6338,0x000000076e980000)
  from space 2048K, 89% used [0x000000076eb00000,0x000000076ecc9af0,0x000000076ed00000)
  to   space 3072K, 0% used [0x000000076f300000,0x000000076f300000,0x000000076f600000)
 ParOldGen       total 175104K, used 40K [0x00000006c0000000, 0x00000006cab00000, 0x000000076ab00000)
  object space 175104K, 0% used [0x00000006c0000000,0x00000006c000a000,0x00000006cab00000)
 Metaspace       used 6527K, capacity 6627K, committed 6912K, reserved 1056768K
  class space    used 665K, capacity 728K, committed 768K, reserved 1048576K
GC Heap History (10 events):
Event: 2.220 GC heap before
{Heap before GC invocations=1 (full 0):
 PSYoungGen      total 76288K, used 65536K [0x000000076ab00000, 0x0000000770000000, 0x00000007c0000000)
  eden space 65536K, 100% used [0x000000076ab00000,0x000000076eb00000,0x000000076eb00000)
  from space 10752K, 0% used [0x000000076f580000,0x000000076f580000,0x0000000770000000)
  to   space 10752K, 0% used [0x000000076eb00000,0x000000076eb00000,0x000000076f580000)
 ParOldGen       total 175104K, used 0K [0x00000006c0000000, 0x00000006cab00000, 0x000000076ab00000)
  object space 175104K, 0% used [0x00000006c0000000,0x00000006c0000000,0x00000006cab00000)
 Metaspace       used 6470K, capacity 6627K, committed 6912K, reserved 1056768K
  class space    used 664K, capacity 728K, committed 768K, reserved 1048576K
Event: 2.223 GC heap after
Heap after GC invocations=1 (full 0):
 PSYoungGen      total 76288K, used 2426K [0x000000076ab00000, 0x0000000770000000, 0x00000007c0000000)
  eden space 65536K, 0% used [0x000000076ab00000,0x000000076ab00000,0x000000076eb00000)
  from space 10752K, 22% used [0x000000076eb00000,0x000000076ed5eaa8,0x000000076f580000)
  to   space 10752K, 0% used [0x000000076f580000,0x000000076f580000,0x0000000770000000)
 ParOldGen       total 175104K, used 16K [0x00000006c0000000, 0x00000006cab00000, 0x000000076ab00000)
  object space 175104K, 0% used [0x00000006c0000000,0x00000006c0004000,0x00000006cab00000)
 Metaspace       used 6470K, capacity 6627K, committed 6912K, reserved 1056768K
  class space    used 664K, capacity 728K, committed 768K, reserved 1048576K
}
Event: 3.953 GC heap before
{Heap before GC invocations=2 (full 0):
 PSYoungGen      total 76288K, used 67962K [0x000000076ab00000, 0x0000000770000000, 0x00000007c0000000)
  eden space 65536K, 100% used [0x000000076ab00000,0x000000076eb00000,0x000000076eb00000)
  from space 10752K, 22% used [0x000000076eb00000,0x000000076ed5eaa8,0x000000076f580000)
  to   space 10752K, 0% used [0x000000076f580000,0x000000076f580000,0x0000000770000000)
 ParOldGen       total 175104K, used 16K [0x00000006c0000000, 0x00000006cab00000, 0x000000076ab00000)
  object space 175104K, 0% used [0x00000006c0000000,0x00000006c0004000,0x00000006cab00000)
 Metaspace       used 6492K, capacity 6627K, committed 6912K, reserved 1056768K
  class space    used 664K, capacity 728K, committed 768K, reserved 1048576K
Event: 3.956 GC heap after
Heap after GC invocations=2 (full 0):
 PSYoungGen      total 76288K, used 2726K [0x000000076ab00000, 0x0000000770000000, 0x00000007c0000000)
  eden space 65536K, 0% used [0x000000076ab00000,0x000000076ab00000,0x000000076eb00000)
  from space 10752K, 25% used [0x000000076f580000,0x000000076f829b10,0x0000000770000000)
  to   space 10752K, 0% used [0x000000076eb00000,0x000000076eb00000,0x000000076f580000)
 ParOldGen       total 175104K, used 24K [0x00000006c0000000, 0x00000006cab00000, 0x000000076ab00000)
  object space 175104K, 0% used [0x00000006c0000000,0x00000006c0006000,0x00000006cab00000)
 Metaspace       used 6492K, capacity 6627K, committed 6912K, reserved 1056768K
  class space    used 664K, capacity 728K, committed 768K, reserved 1048576K
}
Event: 5.703 GC heap before
{Heap before GC invocations=3 (full 0):
 PSYoungGen      total 76288K, used 68262K [0x000000076ab00000, 0x0000000770000000, 0x00000007c0000000)
  eden space 65536K, 100% used [0x000000076ab00000,0x000000076eb00000,0x000000076eb00000)
  from space 10752K, 25% used [0x000000076f580000,0x000000076f829b10,0x0000000770000000)
  to   space 10752K, 0% used [0x000000076eb00000,0x000000076eb00000,0x000000076f580000)
 ParOldGen       total 175104K, used 24K [0x00000006c0000000, 0x00000006cab00000, 0x000000076ab00000)
  object space 175104K, 0% used [0x00000006c0000000,0x00000006c0006000,0x00000006cab00000)
 Metaspace       used 6502K, capacity 6627K, committed 6912K, reserved 1056768K
  class space    used 664K, capacity 728K, committed 768K, reserved 1048576K
Event: 5.706 GC heap after
Heap after GC invocations=3 (full 0):
 PSYoungGen      total 76288K, used 2486K [0x000000076ab00000, 0x0000000770000000, 0x00000007c0000000)
  eden space 65536K, 0% used [0x000000076ab00000,0x000000076ab00000,0x000000076eb00000)
  from space 10752K, 23% used [0x000000076eb00000,0x000000076ed6db00,0x000000076f580000)
  to   space 10752K, 0% used [0x000000076f580000,0x000000076f580000,0x0000000770000000)
 ParOldGen       total 175104K, used 32K [0x00000006c0000000, 0x00000006cab00000, 0x000000076ab00000)
  object space 175104K, 0% used [0x00000006c0000000,0x00000006c0008000,0x00000006cab00000)
 Metaspace       used 6502K, capacity 6627K, committed 6912K, reserved 1056768K
  class space    used 664K, capacity 728K, committed 768K, reserved 1048576K
}
Event: 7.485 GC heap before
{Heap before GC invocations=4 (full 0):
 PSYoungGen      total 76288K, used 68022K [0x000000076ab00000, 0x0000000770000000, 0x00000007c0000000)
  eden space 65536K, 100% used [0x000000076ab00000,0x000000076eb00000,0x000000076eb00000)
  from space 10752K, 23% used [0x000000076eb00000,0x000000076ed6db00,0x000000076f580000)
  to   space 10752K, 0% used [0x000000076f580000,0x000000076f580000,0x0000000770000000)
 ParOldGen       total 175104K, used 32K [0x00000006c0000000, 0x00000006cab00000, 0x000000076ab00000)
  object space 175104K, 0% used [0x00000006c0000000,0x00000006c0008000,0x00000006cab00000)
 Metaspace       used 6503K, capacity 6627K, committed 6912K, reserved 1056768K
  class space    used 664K, capacity 728K, committed 768K, reserved 1048576K
Event: 7.489 GC heap after
Heap after GC invocations=4 (full 0):
 PSYoungGen      total 76288K, used 1494K [0x000000076ab00000, 0x0000000770000000, 0x00000007c0000000)
  eden space 65536K, 0% used [0x000000076ab00000,0x000000076ab00000,0x000000076eb00000)
  from space 10752K, 13% used [0x000000076f580000,0x000000076f6f5be0,0x0000000770000000)
  to   space 10752K, 0% used [0x000000076eb00000,0x000000076eb00000,0x000000076f580000)
 ParOldGen       total 175104K, used 32K [0x00000006c0000000, 0x00000006cab00000, 0x000000076ab00000)
  object space 175104K, 0% used [0x00000006c0000000,0x00000006c0008000,0x00000006cab00000)
 Metaspace       used 6503K, capacity 6627K, committed 6912K, reserved 1056768K
  class space    used 664K, capacity 728K, committed 768K, reserved 1048576K
}
Event: 9.236 GC heap before
{Heap before GC invocations=5 (full 0):
 PSYoungGen      total 76288K, used 67030K [0x000000076ab00000, 0x0000000770000000, 0x00000007c0000000)
  eden space 65536K, 100% used [0x000000076ab00000,0x000000076eb00000,0x000000076eb00000)
  from space 10752K, 13% used [0x000000076f580000,0x000000076f6f5be0,0x0000000770000000)
  to   space 10752K, 0% used [0x000000076eb00000,0x000000076eb00000,0x000000076f580000)
 ParOldGen       total 175104K, used 32K [0x00000006c0000000, 0x00000006cab00000, 0x000000076ab00000)
  object space 175104K, 0% used [0x00000006c0000000,0x00000006c0008000,0x00000006cab00000)
 Metaspace       used 6505K, capacity 6627K, committed 6912K, reserved 1056768K
  class space    used 664K, capacity 728K, committed 768K, reserved 1048576K
Event: 9.237 GC heap after
Heap after GC invocations=5 (full 0):
 PSYoungGen      total 66048K, used 1830K [0x000000076ab00000, 0x000000076f600000, 0x00000007c0000000)
  eden space 64000K, 0% used [0x000000076ab00000,0x000000076ab00000,0x000000076e980000)
  from space 2048K, 89% used [0x000000076eb00000,0x000000076ecc9af0,0x000000076ed00000)
  to   space 3072K, 0% used [0x000000076f300000,0x000000076f300000,0x000000076f600000)
 ParOldGen       total 175104K, used 40K [0x00000006c0000000, 0x00000006cab00000, 0x000000076ab00000)
  object space 175104K, 0% used [0x00000006c0000000,0x00000006c000a000,0x00000006cab00000)
 Metaspace       used 6505K, capacity 6627K, committed 6912K, reserved 1056768K
  class space    used 664K, capacity 728K, committed 768K, reserved 1048576K
}

